17:49:50.612 [main] INFO  org.hibernate.Version - HHH000412: Hibernate ORM core version 5.4.30.Final
17:49:51.770 [main] INFO  o.h.annotations.common.Version - HCANN000001: Hibernate Commons Annotations {5.1.2.Final}
17:49:52.125 [main] WARN  o.hibernate.orm.connections.pooling - HHH10001002: Using Hibernate built-in connection pool (not for production use!)
17:49:52.132 [main] INFO  o.hibernate.orm.connections.pooling - HHH10001005: using driver [org.mariadb.jdbc.Driver] at URL [jdbc:mariadb://localhost:3306/ers_backend]
17:49:52.138 [main] INFO  o.hibernate.orm.connections.pooling - HHH10001001: Connection properties: {user=root, password=****}
17:49:52.138 [main] INFO  o.hibernate.orm.connections.pooling - HHH10001003: Autocommit mode: false
17:49:52.144 [main] INFO  o.h.e.j.c.i.DriverManagerConnectionProviderImpl - HHH000115: Hibernate connection pool size: 20 (min=1)
17:49:52.252 [main] INFO  org.hibernate.dialect.Dialect - HHH000400: Using dialect: org.hibernate.dialect.MariaDB103Dialect
17:49:53.587 [main] INFO  org.hibernate.orm.connections.access - HHH10001501: Connection obtained from JdbcConnectionAccess [org.hibernate.engine.jdbc.env.internal.JdbcEnvironmentInitiator$ConnectionProviderJdbcConnectionAccess@73ad7e90] for (non-JTA) DDL execution was not in auto-commit mode; the Connection 'local transaction' will be committed and the Connection will be set into auto-commit mode.
17:49:53.628 [main] INFO  o.h.e.t.j.p.i.JtaPlatformInitiator - HHH000490: Using JtaPlatform implementation: [org.hibernate.engine.transaction.jta.platform.internal.NoJtaPlatform]
17:49:53.773 [main] INFO  i.l.ersbackend.DAO.ReimbursementDAO - new reimbursement value is: Reimbursement{reimId=6270, amount=569.0, submitted=null, resolved=null, description='room fees', author=1002, resolver=0, statusId=0, typeId=2, receipt=null}
18:40:26.189 [main] INFO  org.hibernate.Version - HHH000412: Hibernate ORM core version 5.4.30.Final
18:40:26.808 [main] INFO  o.h.annotations.common.Version - HCANN000001: Hibernate Commons Annotations {5.1.2.Final}
18:40:27.005 [main] WARN  o.hibernate.orm.connections.pooling - HHH10001002: Using Hibernate built-in connection pool (not for production use!)
18:40:27.009 [main] INFO  o.hibernate.orm.connections.pooling - HHH10001005: using driver [org.mariadb.jdbc.Driver] at URL [jdbc:mariadb://localhost:3306/ers_backend]
18:40:27.009 [main] INFO  o.hibernate.orm.connections.pooling - HHH10001001: Connection properties: {user=root, password=****}
18:40:27.009 [main] INFO  o.hibernate.orm.connections.pooling - HHH10001003: Autocommit mode: false
18:40:27.014 [main] INFO  o.h.e.j.c.i.DriverManagerConnectionProviderImpl - HHH000115: Hibernate connection pool size: 20 (min=1)
18:40:27.160 [main] INFO  org.hibernate.dialect.Dialect - HHH000400: Using dialect: org.hibernate.dialect.MariaDB103Dialect
18:40:28.097 [main] INFO  org.hibernate.orm.connections.access - HHH10001501: Connection obtained from JdbcConnectionAccess [org.hibernate.engine.jdbc.env.internal.JdbcEnvironmentInitiator$ConnectionProviderJdbcConnectionAccess@512d6e60] for (non-JTA) DDL execution was not in auto-commit mode; the Connection 'local transaction' will be committed and the Connection will be set into auto-commit mode.
18:40:28.143 [main] INFO  o.h.e.t.j.p.i.JtaPlatformInitiator - HHH000490: Using JtaPlatform implementation: [org.hibernate.engine.transaction.jta.platform.internal.NoJtaPlatform]
18:41:14.695 [main] INFO  org.hibernate.Version - HHH000412: Hibernate ORM core version 5.4.30.Final
18:41:15.392 [main] INFO  o.h.annotations.common.Version - HCANN000001: Hibernate Commons Annotations {5.1.2.Final}
18:41:15.587 [main] WARN  o.hibernate.orm.connections.pooling - HHH10001002: Using Hibernate built-in connection pool (not for production use!)
18:41:15.593 [main] INFO  o.hibernate.orm.connections.pooling - HHH10001005: using driver [org.mariadb.jdbc.Driver] at URL [jdbc:mariadb://localhost:3306/ers_backend]
18:41:15.593 [main] INFO  o.hibernate.orm.connections.pooling - HHH10001001: Connection properties: {user=root, password=****}
18:41:15.594 [main] INFO  o.hibernate.orm.connections.pooling - HHH10001003: Autocommit mode: false
18:41:15.598 [main] INFO  o.h.e.j.c.i.DriverManagerConnectionProviderImpl - HHH000115: Hibernate connection pool size: 20 (min=1)
18:41:15.699 [main] INFO  org.hibernate.dialect.Dialect - HHH000400: Using dialect: org.hibernate.dialect.MariaDB103Dialect
18:41:16.563 [main] INFO  org.hibernate.orm.connections.access - HHH10001501: Connection obtained from JdbcConnectionAccess [org.hibernate.engine.jdbc.env.internal.JdbcEnvironmentInitiator$ConnectionProviderJdbcConnectionAccess@512d6e60] for (non-JTA) DDL execution was not in auto-commit mode; the Connection 'local transaction' will be committed and the Connection will be set into auto-commit mode.
18:41:16.614 [main] INFO  o.h.e.t.j.p.i.JtaPlatformInitiator - HHH000490: Using JtaPlatform implementation: [org.hibernate.engine.transaction.jta.platform.internal.NoJtaPlatform]
18:47:49.663 [main] INFO  org.hibernate.Version - HHH000412: Hibernate ORM core version 5.4.30.Final
18:47:50.618 [main] INFO  o.h.annotations.common.Version - HCANN000001: Hibernate Commons Annotations {5.1.2.Final}
18:47:50.866 [main] WARN  o.hibernate.orm.connections.pooling - HHH10001002: Using Hibernate built-in connection pool (not for production use!)
18:47:50.871 [main] INFO  o.hibernate.orm.connections.pooling - HHH10001005: using driver [org.mariadb.jdbc.Driver] at URL [jdbc:mariadb://localhost:3306/ers_backend]
18:47:50.872 [main] INFO  o.hibernate.orm.connections.pooling - HHH10001001: Connection properties: {user=root, password=****}
18:47:50.872 [main] INFO  o.hibernate.orm.connections.pooling - HHH10001003: Autocommit mode: false
18:47:50.876 [main] INFO  o.h.e.j.c.i.DriverManagerConnectionProviderImpl - HHH000115: Hibernate connection pool size: 20 (min=1)
18:47:50.976 [main] INFO  org.hibernate.dialect.Dialect - HHH000400: Using dialect: org.hibernate.dialect.MariaDB103Dialect
18:47:52.014 [main] INFO  org.hibernate.orm.connections.access - HHH10001501: Connection obtained from JdbcConnectionAccess [org.hibernate.engine.jdbc.env.internal.JdbcEnvironmentInitiator$ConnectionProviderJdbcConnectionAccess@7544ac86] for (non-JTA) DDL execution was not in auto-commit mode; the Connection 'local transaction' will be committed and the Connection will be set into auto-commit mode.
18:47:52.050 [main] INFO  o.h.e.t.j.p.i.JtaPlatformInitiator - HHH000490: Using JtaPlatform implementation: [org.hibernate.engine.transaction.jta.platform.internal.NoJtaPlatform]
20:43:54.143 [main] INFO  org.hibernate.Version - HHH000412: Hibernate ORM core version 5.4.30.Final
20:43:55.338 [main] INFO  o.h.annotations.common.Version - HCANN000001: Hibernate Commons Annotations {5.1.2.Final}
20:43:55.696 [main] WARN  o.hibernate.orm.connections.pooling - HHH10001002: Using Hibernate built-in connection pool (not for production use!)
20:43:55.702 [main] INFO  o.hibernate.orm.connections.pooling - HHH10001005: using driver [org.mariadb.jdbc.Driver] at URL [jdbc:mariadb://localhost:3306/ers_backend]
20:43:55.703 [main] INFO  o.hibernate.orm.connections.pooling - HHH10001001: Connection properties: {user=root, password=****}
20:43:55.703 [main] INFO  o.hibernate.orm.connections.pooling - HHH10001003: Autocommit mode: false
20:43:55.706 [main] INFO  o.h.e.j.c.i.DriverManagerConnectionProviderImpl - HHH000115: Hibernate connection pool size: 20 (min=1)
20:43:55.809 [main] INFO  org.hibernate.dialect.Dialect - HHH000400: Using dialect: org.hibernate.dialect.MariaDB103Dialect
20:43:56.728 [main] INFO  org.hibernate.orm.connections.access - HHH10001501: Connection obtained from JdbcConnectionAccess [org.hibernate.engine.jdbc.env.internal.JdbcEnvironmentInitiator$ConnectionProviderJdbcConnectionAccess@7544ac86] for (non-JTA) DDL execution was not in auto-commit mode; the Connection 'local transaction' will be committed and the Connection will be set into auto-commit mode.
20:43:56.757 [main] INFO  o.h.e.t.j.p.i.JtaPlatformInitiator - HHH000490: Using JtaPlatform implementation: [org.hibernate.engine.transaction.jta.platform.internal.NoJtaPlatform]
20:44:10.550 [main] INFO  org.hibernate.Version - HHH000412: Hibernate ORM core version 5.4.30.Final
20:44:11.168 [main] INFO  o.h.annotations.common.Version - HCANN000001: Hibernate Commons Annotations {5.1.2.Final}
20:44:11.402 [main] WARN  o.hibernate.orm.connections.pooling - HHH10001002: Using Hibernate built-in connection pool (not for production use!)
20:44:11.409 [main] INFO  o.hibernate.orm.connections.pooling - HHH10001005: using driver [org.mariadb.jdbc.Driver] at URL [jdbc:mariadb://localhost:3306/ers_backend]
20:44:11.409 [main] INFO  o.hibernate.orm.connections.pooling - HHH10001001: Connection properties: {user=root, password=****}
20:44:11.409 [main] INFO  o.hibernate.orm.connections.pooling - HHH10001003: Autocommit mode: false
20:44:11.414 [main] INFO  o.h.e.j.c.i.DriverManagerConnectionProviderImpl - HHH000115: Hibernate connection pool size: 20 (min=1)
20:44:11.510 [main] INFO  org.hibernate.dialect.Dialect - HHH000400: Using dialect: org.hibernate.dialect.MariaDB103Dialect
20:44:12.555 [main] INFO  org.hibernate.orm.connections.access - HHH10001501: Connection obtained from JdbcConnectionAccess [org.hibernate.engine.jdbc.env.internal.JdbcEnvironmentInitiator$ConnectionProviderJdbcConnectionAccess@512d6e60] for (non-JTA) DDL execution was not in auto-commit mode; the Connection 'local transaction' will be committed and the Connection will be set into auto-commit mode.
20:44:12.596 [main] INFO  o.h.e.t.j.p.i.JtaPlatformInitiator - HHH000490: Using JtaPlatform implementation: [org.hibernate.engine.transaction.jta.platform.internal.NoJtaPlatform]
21:12:18.290 [main] INFO  org.hibernate.Version - HHH000412: Hibernate ORM core version 5.4.30.Final
21:12:19.104 [main] INFO  o.h.annotations.common.Version - HCANN000001: Hibernate Commons Annotations {5.1.2.Final}
21:12:19.275 [main] WARN  o.hibernate.orm.connections.pooling - HHH10001002: Using Hibernate built-in connection pool (not for production use!)
21:12:19.279 [main] INFO  o.hibernate.orm.connections.pooling - HHH10001005: using driver [org.mariadb.jdbc.Driver] at URL [jdbc:mariadb://localhost:3306/ers_backend]
21:12:19.280 [main] INFO  o.hibernate.orm.connections.pooling - HHH10001001: Connection properties: {user=root, password=****}
21:12:19.281 [main] INFO  o.hibernate.orm.connections.pooling - HHH10001003: Autocommit mode: false
21:12:19.285 [main] INFO  o.h.e.j.c.i.DriverManagerConnectionProviderImpl - HHH000115: Hibernate connection pool size: 20 (min=1)
21:12:19.390 [main] INFO  org.hibernate.dialect.Dialect - HHH000400: Using dialect: org.hibernate.dialect.MariaDB103Dialect
21:12:20.246 [main] INFO  org.hibernate.orm.connections.access - HHH10001501: Connection obtained from JdbcConnectionAccess [org.hibernate.engine.jdbc.env.internal.JdbcEnvironmentInitiator$ConnectionProviderJdbcConnectionAccess@512d6e60] for (non-JTA) DDL execution was not in auto-commit mode; the Connection 'local transaction' will be committed and the Connection will be set into auto-commit mode.
21:12:20.279 [main] INFO  o.h.e.t.j.p.i.JtaPlatformInitiator - HHH000490: Using JtaPlatform implementation: [org.hibernate.engine.transaction.jta.platform.internal.NoJtaPlatform]
21:13:31.438 [main] INFO  org.hibernate.Version - HHH000412: Hibernate ORM core version 5.4.30.Final
21:13:32.121 [main] INFO  o.h.annotations.common.Version - HCANN000001: Hibernate Commons Annotations {5.1.2.Final}
21:13:32.283 [main] WARN  o.hibernate.orm.connections.pooling - HHH10001002: Using Hibernate built-in connection pool (not for production use!)
21:13:32.286 [main] INFO  o.hibernate.orm.connections.pooling - HHH10001005: using driver [org.mariadb.jdbc.Driver] at URL [jdbc:mariadb://localhost:3306/ers_backend]
21:13:32.286 [main] INFO  o.hibernate.orm.connections.pooling - HHH10001001: Connection properties: {user=root, password=****}
21:13:32.286 [main] INFO  o.hibernate.orm.connections.pooling - HHH10001003: Autocommit mode: false
21:13:32.290 [main] INFO  o.h.e.j.c.i.DriverManagerConnectionProviderImpl - HHH000115: Hibernate connection pool size: 20 (min=1)
21:13:32.401 [main] INFO  org.hibernate.dialect.Dialect - HHH000400: Using dialect: org.hibernate.dialect.MariaDB103Dialect
21:13:33.534 [main] INFO  org.hibernate.orm.connections.access - HHH10001501: Connection obtained from JdbcConnectionAccess [org.hibernate.engine.jdbc.env.internal.JdbcEnvironmentInitiator$ConnectionProviderJdbcConnectionAccess@512d6e60] for (non-JTA) DDL execution was not in auto-commit mode; the Connection 'local transaction' will be committed and the Connection will be set into auto-commit mode.
21:13:33.593 [main] INFO  o.h.e.t.j.p.i.JtaPlatformInitiator - HHH000490: Using JtaPlatform implementation: [org.hibernate.engine.transaction.jta.platform.internal.NoJtaPlatform]
10:56:28.476 [main] INFO  org.hibernate.Version - HHH000412: Hibernate ORM core version 5.4.30.Final
10:56:29.564 [main] INFO  o.h.annotations.common.Version - HCANN000001: Hibernate Commons Annotations {5.1.2.Final}
10:56:29.957 [main] WARN  o.hibernate.orm.connections.pooling - HHH10001002: Using Hibernate built-in connection pool (not for production use!)
10:56:29.965 [main] INFO  o.hibernate.orm.connections.pooling - HHH10001005: using driver [org.mariadb.jdbc.Driver] at URL [jdbc:mariadb://localhost:3306/ers_backend]
10:56:29.966 [main] INFO  o.hibernate.orm.connections.pooling - HHH10001001: Connection properties: {user=root, password=****}
10:56:29.966 [main] INFO  o.hibernate.orm.connections.pooling - HHH10001003: Autocommit mode: false
10:56:29.971 [main] INFO  o.h.e.j.c.i.DriverManagerConnectionProviderImpl - HHH000115: Hibernate connection pool size: 20 (min=1)
10:56:30.777 [main] INFO  org.hibernate.dialect.Dialect - HHH000400: Using dialect: org.hibernate.dialect.MariaDB103Dialect
10:56:32.930 [main] INFO  org.hibernate.orm.connections.access - HHH10001501: Connection obtained from JdbcConnectionAccess [org.hibernate.engine.jdbc.env.internal.JdbcEnvironmentInitiator$ConnectionProviderJdbcConnectionAccess@378f002a] for (non-JTA) DDL execution was not in auto-commit mode; the Connection 'local transaction' will be committed and the Connection will be set into auto-commit mode.
10:56:33.171 [main] INFO  o.h.e.t.j.p.i.JtaPlatformInitiator - HHH000490: Using JtaPlatform implementation: [org.hibernate.engine.transaction.jta.platform.internal.NoJtaPlatform]
09:48:26.903 [main] INFO  org.hibernate.Version - HHH000412: Hibernate ORM core version 5.4.30.Final
09:48:27.557 [main] INFO  o.h.annotations.common.Version - HCANN000001: Hibernate Commons Annotations {5.1.2.Final}
09:48:27.838 [main] WARN  o.hibernate.orm.connections.pooling - HHH10001002: Using Hibernate built-in connection pool (not for production use!)
09:48:27.843 [main] INFO  o.hibernate.orm.connections.pooling - HHH10001005: using driver [org.mariadb.jdbc.Driver] at URL [jdbc:mariadb://localhost:3306/ers_backend]
09:48:27.844 [main] INFO  o.hibernate.orm.connections.pooling - HHH10001001: Connection properties: {user=root, password=****}
09:48:27.844 [main] INFO  o.hibernate.orm.connections.pooling - HHH10001003: Autocommit mode: false
09:48:27.848 [main] INFO  o.h.e.j.c.i.DriverManagerConnectionProviderImpl - HHH000115: Hibernate connection pool size: 20 (min=1)
09:48:28.001 [main] INFO  org.hibernate.dialect.Dialect - HHH000400: Using dialect: org.hibernate.dialect.MariaDB103Dialect
09:48:29.108 [main] INFO  org.hibernate.orm.connections.access - HHH10001501: Connection obtained from JdbcConnectionAccess [org.hibernate.engine.jdbc.env.internal.JdbcEnvironmentInitiator$ConnectionProviderJdbcConnectionAccess@37b52340] for (non-JTA) DDL execution was not in auto-commit mode; the Connection 'local transaction' will be committed and the Connection will be set into auto-commit mode.
09:48:29.147 [main] INFO  o.h.e.t.j.p.i.JtaPlatformInitiator - HHH000490: Using JtaPlatform implementation: [org.hibernate.engine.transaction.jta.platform.internal.NoJtaPlatform]
10:25:26.578 [main] INFO  org.hibernate.Version - HHH000412: Hibernate ORM core version 5.4.30.Final
10:25:27.325 [main] INFO  o.h.annotations.common.Version - HCANN000001: Hibernate Commons Annotations {5.1.2.Final}
10:25:27.643 [main] WARN  o.hibernate.orm.connections.pooling - HHH10001002: Using Hibernate built-in connection pool (not for production use!)
10:25:27.653 [main] INFO  o.hibernate.orm.connections.pooling - HHH10001005: using driver [org.mariadb.jdbc.Driver] at URL [jdbc:mariadb://localhost:3306/ers_backend]
10:25:27.654 [main] INFO  o.hibernate.orm.connections.pooling - HHH10001001: Connection properties: {user=root, password=****}
10:25:27.654 [main] INFO  o.hibernate.orm.connections.pooling - HHH10001003: Autocommit mode: false
10:25:27.661 [main] INFO  o.h.e.j.c.i.DriverManagerConnectionProviderImpl - HHH000115: Hibernate connection pool size: 20 (min=1)
10:25:27.838 [main] INFO  org.hibernate.dialect.Dialect - HHH000400: Using dialect: org.hibernate.dialect.MariaDB103Dialect
10:25:29.169 [main] INFO  org.hibernate.orm.connections.access - HHH10001501: Connection obtained from JdbcConnectionAccess [org.hibernate.engine.jdbc.env.internal.JdbcEnvironmentInitiator$ConnectionProviderJdbcConnectionAccess@37b52340] for (non-JTA) DDL execution was not in auto-commit mode; the Connection 'local transaction' will be committed and the Connection will be set into auto-commit mode.
10:25:29.222 [main] INFO  o.h.e.t.j.p.i.JtaPlatformInitiator - HHH000490: Using JtaPlatform implementation: [org.hibernate.engine.transaction.jta.platform.internal.NoJtaPlatform]
11:03:29.312 [main] INFO  org.hibernate.Version - HHH000412: Hibernate ORM core version 5.4.30.Final
11:03:30.588 [main] INFO  o.h.annotations.common.Version - HCANN000001: Hibernate Commons Annotations {5.1.2.Final}
11:03:30.920 [main] WARN  o.hibernate.orm.connections.pooling - HHH10001002: Using Hibernate built-in connection pool (not for production use!)
11:03:30.925 [main] INFO  o.hibernate.orm.connections.pooling - HHH10001005: using driver [org.mariadb.jdbc.Driver] at URL [jdbc:mariadb://localhost:3306/ers_backend]
11:03:30.926 [main] INFO  o.hibernate.orm.connections.pooling - HHH10001001: Connection properties: {user=root, password=****}
11:03:30.927 [main] INFO  o.hibernate.orm.connections.pooling - HHH10001003: Autocommit mode: false
11:03:30.933 [main] INFO  o.h.e.j.c.i.DriverManagerConnectionProviderImpl - HHH000115: Hibernate connection pool size: 20 (min=1)
11:03:31.111 [main] INFO  org.hibernate.dialect.Dialect - HHH000400: Using dialect: org.hibernate.dialect.MariaDB103Dialect
11:03:32.689 [main] INFO  org.hibernate.orm.connections.access - HHH10001501: Connection obtained from JdbcConnectionAccess [org.hibernate.engine.jdbc.env.internal.JdbcEnvironmentInitiator$ConnectionProviderJdbcConnectionAccess@37b52340] for (non-JTA) DDL execution was not in auto-commit mode; the Connection 'local transaction' will be committed and the Connection will be set into auto-commit mode.
11:03:32.764 [main] INFO  o.h.e.t.j.p.i.JtaPlatformInitiator - HHH000490: Using JtaPlatform implementation: [org.hibernate.engine.transaction.jta.platform.internal.NoJtaPlatform]
11:06:34.932 [main] INFO  org.hibernate.Version - HHH000412: Hibernate ORM core version 5.4.30.Final
11:06:36.897 [main] INFO  o.h.annotations.common.Version - HCANN000001: Hibernate Commons Annotations {5.1.2.Final}
11:06:37.300 [main] WARN  o.hibernate.orm.connections.pooling - HHH10001002: Using Hibernate built-in connection pool (not for production use!)
11:06:37.312 [main] INFO  o.hibernate.orm.connections.pooling - HHH10001005: using driver [org.mariadb.jdbc.Driver] at URL [jdbc:mariadb://localhost:3306/ers_backend]
11:06:37.313 [main] INFO  o.hibernate.orm.connections.pooling - HHH10001001: Connection properties: {user=root, password=****}
11:06:37.314 [main] INFO  o.hibernate.orm.connections.pooling - HHH10001003: Autocommit mode: false
11:06:37.322 [main] INFO  o.h.e.j.c.i.DriverManagerConnectionProviderImpl - HHH000115: Hibernate connection pool size: 20 (min=1)
11:06:37.712 [main] INFO  org.hibernate.dialect.Dialect - HHH000400: Using dialect: org.hibernate.dialect.MariaDB103Dialect
11:06:41.431 [main] INFO  org.hibernate.orm.connections.access - HHH10001501: Connection obtained from JdbcConnectionAccess [org.hibernate.engine.jdbc.env.internal.JdbcEnvironmentInitiator$ConnectionProviderJdbcConnectionAccess@489091bd] for (non-JTA) DDL execution was not in auto-commit mode; the Connection 'local transaction' will be committed and the Connection will be set into auto-commit mode.
11:06:41.572 [main] INFO  o.h.e.t.j.p.i.JtaPlatformInitiator - HHH000490: Using JtaPlatform implementation: [org.hibernate.engine.transaction.jta.platform.internal.NoJtaPlatform]
14:30:59.253 [main] INFO  org.hibernate.Version - HHH000412: Hibernate ORM core version 5.4.30.Final
14:31:00.069 [main] INFO  o.h.annotations.common.Version - HCANN000001: Hibernate Commons Annotations {5.1.2.Final}
14:31:00.310 [main] WARN  o.hibernate.orm.connections.pooling - HHH10001002: Using Hibernate built-in connection pool (not for production use!)
14:31:00.318 [main] INFO  o.hibernate.orm.connections.pooling - HHH10001005: using driver [org.mariadb.jdbc.Driver] at URL [jdbc:mariadb://localhost:3306/ers_backend]
14:31:00.319 [main] INFO  o.hibernate.orm.connections.pooling - HHH10001001: Connection properties: {user=root, password=****}
14:31:00.319 [main] INFO  o.hibernate.orm.connections.pooling - HHH10001003: Autocommit mode: false
14:31:00.324 [main] INFO  o.h.e.j.c.i.DriverManagerConnectionProviderImpl - HHH000115: Hibernate connection pool size: 20 (min=1)
14:31:00.447 [main] INFO  org.hibernate.dialect.Dialect - HHH000400: Using dialect: org.hibernate.dialect.MariaDB103Dialect
14:31:01.520 [main] INFO  org.hibernate.orm.connections.access - HHH10001501: Connection obtained from JdbcConnectionAccess [org.hibernate.engine.jdbc.env.internal.JdbcEnvironmentInitiator$ConnectionProviderJdbcConnectionAccess@75de6341] for (non-JTA) DDL execution was not in auto-commit mode; the Connection 'local transaction' will be committed and the Connection will be set into auto-commit mode.
14:31:01.577 [main] INFO  o.h.e.t.j.p.i.JtaPlatformInitiator - HHH000490: Using JtaPlatform implementation: [org.hibernate.engine.transaction.jta.platform.internal.NoJtaPlatform]
14:32:31.452 [main] INFO  org.hibernate.Version - HHH000412: Hibernate ORM core version 5.4.30.Final
14:32:32.172 [main] INFO  o.h.annotations.common.Version - HCANN000001: Hibernate Commons Annotations {5.1.2.Final}
14:32:32.370 [main] WARN  o.hibernate.orm.connections.pooling - HHH10001002: Using Hibernate built-in connection pool (not for production use!)
14:32:32.373 [main] INFO  o.hibernate.orm.connections.pooling - HHH10001005: using driver [org.mariadb.jdbc.Driver] at URL [jdbc:mariadb://localhost:3306/ers_backend]
14:32:32.374 [main] INFO  o.hibernate.orm.connections.pooling - HHH10001001: Connection properties: {user=root, password=****}
14:32:32.374 [main] INFO  o.hibernate.orm.connections.pooling - HHH10001003: Autocommit mode: false
14:32:32.380 [main] INFO  o.h.e.j.c.i.DriverManagerConnectionProviderImpl - HHH000115: Hibernate connection pool size: 20 (min=1)
14:32:32.492 [main] INFO  org.hibernate.dialect.Dialect - HHH000400: Using dialect: org.hibernate.dialect.MariaDB103Dialect
14:32:33.462 [main] INFO  org.hibernate.orm.connections.access - HHH10001501: Connection obtained from JdbcConnectionAccess [org.hibernate.engine.jdbc.env.internal.JdbcEnvironmentInitiator$ConnectionProviderJdbcConnectionAccess@79a04e5f] for (non-JTA) DDL execution was not in auto-commit mode; the Connection 'local transaction' will be committed and the Connection will be set into auto-commit mode.
14:32:33.556 [main] INFO  o.h.e.t.j.p.i.JtaPlatformInitiator - HHH000490: Using JtaPlatform implementation: [org.hibernate.engine.transaction.jta.platform.internal.NoJtaPlatform]
